This is pdfTeX, Version 3.14159265-2.6-1.40.17 (MiKTeX 2.9.6210 64-bit) (preloaded format=pdflatex 2017.3.25)  14 MAY 2017 00:03
entering extended mode
**"c:/Users/dkout/OneDrive/MIT/Junior Spring/6.036/project3/Writeup/writeup.tex
"
("c:/Users/dkout/OneDrive/MIT/Junior Spring/6.036/project3/Writeup/writeup.tex"
LaTeX2e <2017/01/01> patch level 1
Babel <3.9r> and hyphenation patterns for 75 language(s) loaded.
("C:\Program Files\MiKTeX 2.9\tex\latex\base\article.cls"
Document Class: article 2014/09/29 v1.4h Standard LaTeX document class
("C:\Program Files\MiKTeX 2.9\tex\latex\base\size12.clo"
File: size12.clo 2014/09/29 v1.4h Standard LaTeX file (size option)
)
\c@part=\count79
\c@section=\count80
\c@subsection=\count81
\c@subsubsection=\count82
\c@paragraph=\count83
\c@subparagraph=\count84
\c@figure=\count85
\c@table=\count86
\abovecaptionskip=\skip41
\belowcaptionskip=\skip42
\bibindent=\dimen102
)
("C:\Program Files\MiKTeX 2.9\tex\latex\amsmath\amsmath.sty"
Package: amsmath 2016/11/05 v2.16a AMS math features
\@mathmargin=\skip43

For additional information on amsmath, use the `?' option.
("C:\Program Files\MiKTeX 2.9\tex\latex\amsmath\amstext.sty"
Package: amstext 2000/06/29 v2.01 AMS text

("C:\Program Files\MiKTeX 2.9\tex\latex\amsmath\amsgen.sty"
File: amsgen.sty 1999/11/30 v2.0 generic functions
\@emptytoks=\toks14
\ex@=\dimen103
))
("C:\Program Files\MiKTeX 2.9\tex\latex\amsmath\amsbsy.sty"
Package: amsbsy 1999/11/29 v1.2d Bold Symbols
\pmbraise@=\dimen104
)
("C:\Program Files\MiKTeX 2.9\tex\latex\amsmath\amsopn.sty"
Package: amsopn 2016/03/08 v2.02 operator names
)
\inf@bad=\count87
LaTeX Info: Redefining \frac on input line 213.
\uproot@=\count88
\leftroot@=\count89
LaTeX Info: Redefining \overline on input line 375.
\classnum@=\count90
\DOTSCASE@=\count91
LaTeX Info: Redefining \ldots on input line 472.
LaTeX Info: Redefining \dots on input line 475.
LaTeX Info: Redefining \cdots on input line 596.
\Mathstrutbox@=\box26
\strutbox@=\box27
\big@size=\dimen105
LaTeX Font Info:    Redeclaring font encoding OML on input line 712.
LaTeX Font Info:    Redeclaring font encoding OMS on input line 713.
\macc@depth=\count92
\c@MaxMatrixCols=\count93
\dotsspace@=\muskip10
\c@parentequation=\count94
\dspbrk@lvl=\count95
\tag@help=\toks15
\row@=\count96
\column@=\count97
\maxfields@=\count98
\andhelp@=\toks16
\eqnshift@=\dimen106
\alignsep@=\dimen107
\tagshift@=\dimen108
\tagwidth@=\dimen109
\totwidth@=\dimen110
\lineht@=\dimen111
\@envbody=\toks17
\multlinegap=\skip44
\multlinetaggap=\skip45
\mathdisplay@stack=\toks18
LaTeX Info: Redefining \[ on input line 2817.
LaTeX Info: Redefining \] on input line 2818.
)
("C:\Program Files\MiKTeX 2.9\tex\latex\graphics\graphicx.sty"
Package: graphicx 2014/10/28 v1.0g Enhanced LaTeX Graphics (DPC,SPQR)

("C:\Program Files\MiKTeX 2.9\tex\latex\graphics\keyval.sty"
Package: keyval 2014/10/28 v1.15 key=value parser (DPC)
\KV@toks@=\toks19
)
("C:\Program Files\MiKTeX 2.9\tex\latex\graphics\graphics.sty"
Package: graphics 2016/10/09 v1.0u Standard LaTeX Graphics (DPC,SPQR)

("C:\Program Files\MiKTeX 2.9\tex\latex\graphics\trig.sty"
Package: trig 2016/01/03 v1.10 sin cos tan (DPC)
)
("C:\Program Files\MiKTeX 2.9\tex\latex\graphics-cfg\graphics.cfg"
File: graphics.cfg 2016/06/04 v1.11 sample graphics configuration
)
Package graphics Info: Driver file: pdftex.def on input line 99.

("C:\Program Files\MiKTeX 2.9\tex\latex\graphics-def\pdftex.def"
File: pdftex.def 2017/01/12 v0.06k Graphics/color for pdfTeX

("C:\Program Files\MiKTeX 2.9\tex\generic\oberdiek\infwarerr.sty"
Package: infwarerr 2016/05/16 v1.4 Providing info/warning/error messages (HO)
)
("C:\Program Files\MiKTeX 2.9\tex\generic\oberdiek\ltxcmds.sty"
Package: ltxcmds 2016/05/16 v1.23 LaTeX kernel commands for general use (HO)
)
\Gread@gobject=\count99
))
\Gin@req@height=\dimen112
\Gin@req@width=\dimen113
)
(writeup.aux)
\openout1 = `writeup.aux'.

LaTeX Font Info:    Checking defaults for OML/cmm/m/it on input line 7.
LaTeX Font Info:    ... okay on input line 7.
LaTeX Font Info:    Checking defaults for T1/cmr/m/n on input line 7.
LaTeX Font Info:    ... okay on input line 7.
LaTeX Font Info:    Checking defaults for OT1/cmr/m/n on input line 7.
LaTeX Font Info:    ... okay on input line 7.
LaTeX Font Info:    Checking defaults for OMS/cmsy/m/n on input line 7.
LaTeX Font Info:    ... okay on input line 7.
LaTeX Font Info:    Checking defaults for OMX/cmex/m/n on input line 7.
LaTeX Font Info:    ... okay on input line 7.
LaTeX Font Info:    Checking defaults for U/cmr/m/n on input line 7.
LaTeX Font Info:    ... okay on input line 7.
 ("C:\Program Files\MiKTeX 2.9\tex\context\base\supp-pdf.mkii"
[Loading MPS to PDF converter (version 2006.09.02).]
\scratchcounter=\count100
\scratchdimen=\dimen114
\scratchbox=\box28
\nofMPsegments=\count101
\nofMParguments=\count102
\everyMPshowfont=\toks20
\MPscratchCnt=\count103
\MPscratchDim=\dimen115
\MPnumerator=\count104
\makeMPintoPDFobject=\count105
\everyMPtoPDFconversion=\toks21
) ("C:\Program Files\MiKTeX 2.9\tex\generic\oberdiek\pdftexcmds.sty"
Package: pdftexcmds 2016/05/21 v0.22 Utility functions of pdfTeX for LuaTeX (HO
)

("C:\Program Files\MiKTeX 2.9\tex\generic\oberdiek\ifluatex.sty"
Package: ifluatex 2016/05/16 v1.4 Provides the ifluatex switch (HO)
Package ifluatex Info: LuaTeX not detected.
)
("C:\Program Files\MiKTeX 2.9\tex\generic\oberdiek\ifpdf.sty"
Package: ifpdf 2016/05/14 v3.1 Provides the ifpdf switch
)
Package pdftexcmds Info: LuaTeX not detected.
Package pdftexcmds Info: \pdf@primitive is available.
Package pdftexcmds Info: \pdf@ifprimitive is available.
Package pdftexcmds Info: \pdfdraftmode found.
)
("C:\Program Files\MiKTeX 2.9\tex\latex\oberdiek\epstopdf-base.sty"
Package: epstopdf-base 2016/05/15 v2.6 Base part for package epstopdf

("C:\Program Files\MiKTeX 2.9\tex\latex\oberdiek\grfext.sty"
Package: grfext 2016/05/16 v1.2 Manage graphics extensions (HO)

("C:\Program Files\MiKTeX 2.9\tex\generic\oberdiek\kvdefinekeys.sty"
Package: kvdefinekeys 2016/05/16 v1.4 Define keys (HO)
))
("C:\Program Files\MiKTeX 2.9\tex\latex\oberdiek\kvoptions.sty"
Package: kvoptions 2016/05/16 v3.12 Key value format for package options (HO)

("C:\Program Files\MiKTeX 2.9\tex\generic\oberdiek\kvsetkeys.sty"
Package: kvsetkeys 2016/05/16 v1.17 Key value parser (HO)

("C:\Program Files\MiKTeX 2.9\tex\generic\oberdiek\etexcmds.sty"
Package: etexcmds 2016/05/16 v1.6 Avoid name clashes with e-TeX commands (HO)
Package etexcmds Info: Could not find \expanded.
(etexcmds)             That can mean that you are not using pdfTeX 1.50 or
(etexcmds)             that some package has redefined \expanded.
(etexcmds)             In the latter case, load this package earlier.
)))
Package epstopdf-base Info: Redefining graphics rule for `.eps' on input line 4
38.
Package grfext Info: Graphics extension search list:
(grfext)             [.png,.pdf,.jpg,.mps,.jpeg,.jbig2,.jb2,.PNG,.PDF,.JPG,.JPE
G,.JBIG2,.JB2,.eps]
(grfext)             \AppendGraphicsExtensions on input line 456.
) [1

{C:/ProgramData/MiKTeX/2.9/pdftex/config/pdftex.map}]
<11k1.png, id=7, 1387.584pt x 690.1785pt>
File: 11k1.png Graphic file (type png)
 <use 11k1.png>
Package pdftex.def Info: 11k1.png used on input line 22.
(pdftex.def)             Requested size: 208.12862pt x 103.52231pt.

<11k2.png, id=9, 1387.584pt x 690.1785pt>
File: 11k2.png Graphic file (type png)
 <use 11k2.png>
Package pdftex.def Info: 11k2.png used on input line 23.
(pdftex.def)             Requested size: 208.12862pt x 103.52231pt.

<11k3.png, id=10, 1387.584pt x 690.1785pt>
File: 11k3.png Graphic file (type png)
 <use 11k3.png>
Package pdftex.def Info: 11k3.png used on input line 24.
(pdftex.def)             Requested size: 208.12862pt x 103.52231pt.

<11k4.png, id=11, 1387.584pt x 690.1785pt>
File: 11k4.png Graphic file (type png)
 <use 11k4.png>
Package pdftex.def Info: 11k4.png used on input line 25.
(pdftex.def)             Requested size: 208.12862pt x 103.52231pt.

<11k5.png, id=12, 1387.584pt x 690.1785pt>
File: 11k5.png Graphic file (type png)
 <use 11k5.png>
Package pdftex.def Info: 11k5.png used on input line 26.
(pdftex.def)             Requested size: 208.12862pt x 103.52231pt.

Overfull \hbox (28.86832pt too wide) in paragraph at lines 22--27
[][] []
 []


Overfull \hbox (28.86832pt too wide) in paragraph at lines 22--27
[] []
 []

[2 <./11k1.png> <./11k2.png> <./11k3.png> <./11k4.png> <./11k5.png>]
<14EMLL.png, id=22, 379.95416pt x 57.9591pt>
File: 14EMLL.png Graphic file (type png)
 <use 14EMLL.png>
Package pdftex.def Info: 14EMLL.png used on input line 37.
(pdftex.def)             Requested size: 455.94272pt x 69.55057pt.

Overfull \hbox (65.94272pt too wide) in paragraph at lines 37--38
 [][] 
 []


Underfull \hbox (badness 10000) in paragraph at lines 33--42

 []


Underfull \hbox (badness 10000) in paragraph at lines 33--42

 []


Underfull \hbox (badness 10000) in paragraph at lines 33--42

 []

<14k1.png, id=23, 462.528pt x 344.0052pt>
File: 14k1.png Graphic file (type png)
 <use 14k1.png>
Package pdftex.def Info: 14k1.png used on input line 48.
(pdftex.def)             Requested size: 222.01091pt x 165.1206pt.

<14k2.png, id=24, 462.528pt x 344.0052pt>
File: 14k2.png Graphic file (type png)
 <use 14k2.png>
Package pdftex.def Info: 14k2.png used on input line 49.
(pdftex.def)             Requested size: 222.01091pt x 165.1206pt.

<14k3.png, id=25, 462.528pt x 344.0052pt>
File: 14k3.png Graphic file (type png)
 <use 14k3.png>
Package pdftex.def Info: 14k3.png used on input line 50.
(pdftex.def)             Requested size: 222.01091pt x 165.1206pt.

<14k4.png, id=26, 462.528pt x 344.0052pt>
File: 14k4.png Graphic file (type png)
 <use 14k4.png>
Package pdftex.def Info: 14k4.png used on input line 51.
(pdftex.def)             Requested size: 222.01091pt x 165.1206pt.

<14k5.png, id=27, 462.528pt x 344.0052pt>
File: 14k5.png Graphic file (type png)
 <use 14k5.png>
Package pdftex.def Info: 14k5.png used on input line 52.
(pdftex.def)             Requested size: 222.01091pt x 165.1206pt.

Overfull \hbox (56.6329pt too wide) in paragraph at lines 48--53
[][] []
 []


Overfull \hbox (56.6329pt too wide) in paragraph at lines 48--53
[] []
 []


LaTeX Warning: `!h' float specifier changed to `!ht'.

[3 <./14EMLL.png>]

LaTeX Warning: Text page 4 contains only floats.


Overfull \vbox (4.36182pt too high) has occurred while \output is active []


[4 <./14k1.png> <./14k2.png> <./14k3.png> <./14k4.png> <./14k5.png>] [5]
[6] <25LL.png, id=53, 498.73456pt x 218.24109pt>
File: 25LL.png Graphic file (type png)
 <use 25LL.png>
Package pdftex.def Info: 25LL.png used on input line 111.
(pdftex.def)             Requested size: 448.85695pt x 196.41515pt.

Overfull \hbox (58.85695pt too wide) in paragraph at lines 111--112
 [][] 
 []

<25LL5.png, id=54, 304.10643pt x 528.78743pt>
File: 25LL5.png Graphic file (type png)
 <use 25LL5.png>
Package pdftex.def Info: 25LL5.png used on input line 119.
(pdftex.def)             Requested size: 273.69324pt x 475.90428pt.
 [7 <./25LL.png>]
[8 <./25LL5.png>] <BICvK.png, id=64, 1387.584pt x 690.1785pt>
File: BICvK.png Graphic file (type png)
 <use BICvK.png>
Package pdftex.def Info: BICvK.png used on input line 135.
(pdftex.def)             Requested size: 416.27841pt x 207.05515pt.

Overfull \hbox (26.27841pt too wide) in paragraph at lines 135--136
 [][] 
 []

[9

 <./BICvK.png>]
LaTeX Font Info:    Try loading font information for OMS+cmr on input line 145.

 ("C:\Program Files\MiKTeX 2.9\tex\latex\base\omscmr.fd"
File: omscmr.fd 2014/09/29 v2.5h Standard LaTeX font definitions
)
LaTeX Font Info:    Font shape `OMS/cmr/m/n' in size <12> not available
(Font)              Font shape `OMS/cmsy/m/n' tried instead on input line 145.

<clusters.png, id=69, 294.0888pt x 711.96683pt>
File: clusters.png Graphic file (type png)
 <use clusters.png>
Package pdftex.def Info: clusters.png used on input line 161.
(pdftex.def)             Requested size: 205.86076pt x 498.37338pt.
 [10]

LaTeX Warning: Text page 11 contains only floats.


Overfull \vbox (4.7067pt too high) has occurred while \output is active []


[11 <./clusters.png>] [12] (writeup.aux) ) 
Here is how much of TeX's memory you used:
 2199 strings out of 493333
 29422 string characters out of 3139194
 90914 words of memory out of 3000000
 5703 multiletter control sequences out of 15000+200000
 10401 words of font info for 38 fonts, out of 3000000 for 9000
 1141 hyphenation exceptions out of 8191
 39i,7n,25p,549b,224s stack positions out of 5000i,500n,10000p,200000b,50000s
<C:/Program Files/MiKTeX 2.9/fonts/ty
pe1/public/amsfonts/cm/cmbx12.pfb><C:/Program Files/MiKTeX 2.9/fonts/type1/publ
ic/amsfonts/cm/cmex10.pfb><C:/Program Files/MiKTeX 2.9/fonts/type1/public/amsfo
nts/cm/cmmi12.pfb><C:/Program Files/MiKTeX 2.9/fonts/type1/public/amsfonts/cm/c
mmi6.pfb><C:/Program Files/MiKTeX 2.9/fonts/type1/public/amsfonts/cm/cmmi8.pfb>
<C:/Program Files/MiKTeX 2.9/fonts/type1/public/amsfonts/cm/cmr12.pfb><C:/Progr
am Files/MiKTeX 2.9/fonts/type1/public/amsfonts/cm/cmr17.pfb><C:/Program Files/
MiKTeX 2.9/fonts/type1/public/amsfonts/cm/cmr6.pfb><C:/Program Files/MiKTeX 2.9
/fonts/type1/public/amsfonts/cm/cmr8.pfb><C:/Program Files/MiKTeX 2.9/fonts/typ
e1/public/amsfonts/cm/cmsy10.pfb><C:/Program Files/MiKTeX 2.9/fonts/type1/publi
c/amsfonts/cm/cmtt12.pfb>
Output written on writeup.pdf (12 pages, 861780 bytes).
PDF statistics:
 116 PDF objects out of 1000 (max. 8388607)
 0 named destinations out of 1000 (max. 500000)
 76 words of extra memory for PDF output out of 10000 (max. 10000000)

